GROUP,PACKAGE,CLASS,INSTRUCTION_MISSED,INSTRUCTION_COVERED,BRANCH_MISSED,BRANCH_COVERED,LINE_MISSED,LINE_COVERED,COMPLEXITY_MISSED,COMPLEXITY_COVERED,METHOD_MISSED,METHOD_COVERED
Fulcrum Crypto,org.apache.fulcrum.crypto,CryptoService,0,4,0,0,0,1,0,1,0,1
Fulcrum Crypto,org.apache.fulcrum.crypto,DefaultCryptoService,41,86,4,6,6,20,5,5,1,4
Fulcrum Crypto,org.apache.fulcrum.crypto.provider,OldJavaCrypt,1,50,0,2,1,13,1,4,1,3
Fulcrum Crypto,org.apache.fulcrum.crypto.provider,JavaCrypt,3,34,1,1,1,10,2,3,1,3
Fulcrum Crypto,org.apache.fulcrum.crypto.provider,ClearCrypt,1,6,0,0,1,4,1,3,1,3
Fulcrum Crypto,org.apache.fulcrum.crypto.provider,UnixCrypt,0,57,0,2,0,16,0,6,0,5
